2026-04-30T06:50:28.443+07:00  INFO 25008 --- [order-service] [main] [                                                 ] com.ecommerce.order.OrderApplication     : Starting OrderApplication using Java 24 with PID 25008 (D:\Spring-Boot\ecom-microservices\order\target\classes started by ThinkPad in D:\Spring-Boot\ecom-microservices)
2026-04-30T06:50:28.460+07:00  INFO 25008 --- [order-service] [main] [                                                 ] com.ecommerce.order.OrderApplication     : No active profile set, falling back to 1 default profile: "default"
2026-04-30T06:50:28.613+07:00  INFO 25008 --- [order-service] [main] [                                                 ] o.s.c.c.c.ConfigServerConfigDataLoader   : Fetching config from server at : http://localhost:8888
2026-04-30T06:50:28.615+07:00  INFO 25008 --- [order-service] [main] [                                                 ] o.s.c.c.c.ConfigServerConfigDataLoader   : Located environment: name=order-service, profiles=[default], label=null, version=null, state=null
2026-04-30T06:50:33.597+07:00  INFO 25008 --- [order-service] [main] [                                                 ] .s.d.r.c.RepositoryConfigurationDelegate : Bootstrapping Spring Data JPA repositories in DEFAULT mode.
2026-04-30T06:50:34.456+07:00  INFO 25008 --- [order-service] [main] [                                                 ] .s.d.r.c.RepositoryConfigurationDelegate : Finished Spring Data repository scanning in 823 ms. Found 2 JPA repository interfaces.
2026-04-30T06:50:35.267+07:00  INFO 25008 --- [order-service] [main] [                                                 ] faultConfiguringBeanFactoryPostProcessor : No bean named 'errorChannel' has been explicitly defined. Therefore, a default PublishSubscribeChannel will be created.
2026-04-30T06:50:35.284+07:00  INFO 25008 --- [order-service] [main] [                                                 ] faultConfiguringBeanFactoryPostProcessor : No bean named 'integrationHeaderChannelRegistry' has been explicitly defined. Therefore, a default DefaultHeaderChannelRegistry will be created.
2026-04-30T06:50:35.756+07:00  INFO 25008 --- [order-service] [main] [                                                 ] o.s.cloud.context.scope.GenericScope     : BeanFactory id=2488d5f5-9302-3ce7-a14f-f3bcb3fd1d59
2026-04-30T06:50:38.216+07:00  INFO 25008 --- [order-service] [main] [                                                 ] o.s.b.w.embedded.tomcat.TomcatWebServer  : Tomcat initialized with port 8083 (http)
2026-04-30T06:50:38.248+07:00  INFO 25008 --- [order-service] [main] [                                                 ] o.apache.catalina.core.StandardService   : Starting service [Tomcat]
2026-04-30T06:50:38.249+07:00  INFO 25008 --- [order-service] [main] [                                                 ] o.apache.catalina.core.StandardEngine    : Starting Servlet engine: [Apache Tomcat/10.1.53]
2026-04-30T06:50:38.462+07:00  INFO 25008 --- [order-service] [main] [                                                 ] o.a.c.c.C.[Tomcat].[localhost].[/]       : Initializing Spring embedded WebApplicationContext
2026-04-30T06:50:38.464+07:00  INFO 25008 --- [order-service] [main] [                                                 ] w.s.c.ServletWebServerApplicationContext : Root WebApplicationContext: initialization completed in 9843 ms
2026-04-30T06:50:41.314+07:00  INFO 25008 --- [order-service] [main] [                                                 ] o.hibernate.jpa.internal.util.LogHelper  : HHH000204: Processing PersistenceUnitInfo [name: default]
2026-04-30T06:50:41.587+07:00  INFO 25008 --- [order-service] [main] [                                                 ] org.hibernate.Version                    : HHH000412: Hibernate ORM core version 6.6.45.Final
2026-04-30T06:50:41.768+07:00  INFO 25008 --- [order-service] [main] [                                                 ] o.h.c.internal.RegionFactoryInitiator    : HHH000026: Second-level cache disabled
2026-04-30T06:50:43.318+07:00  INFO 25008 --- [order-service] [main] [                                                 ] o.s.o.j.p.SpringPersistenceUnitInfo      : No LoadTimeWeaver setup: ignoring JPA class transformer
2026-04-30T06:50:43.396+07:00  INFO 25008 --- [order-service] [main] [                                                 ] com.zaxxer.hikari.HikariDataSource       : HikariPool-1 - Starting...
2026-04-30T06:50:43.963+07:00  INFO 25008 --- [order-service] [main] [                                                 ] com.zaxxer.hikari.pool.HikariPool        : HikariPool-1 - Added connection org.postgresql.jdbc.PgConnection@35d44cd3
2026-04-30T06:50:43.971+07:00  INFO 25008 --- [order-service] [main] [                                                 ] com.zaxxer.hikari.HikariDataSource       : HikariPool-1 - Start completed.
2026-04-30T06:50:44.230+07:00  WARN 25008 --- [order-service] [main] [                                                 ] org.hibernate.orm.deprecation            : HHH90000025: PostgreSQLDialect does not need to be specified explicitly using 'hibernate.dialect' (remove the property setting and it will be selected by default)
2026-04-30T06:50:44.292+07:00  INFO 25008 --- [order-service] [main] [                                                 ] org.hibernate.orm.connections.pooling    : HHH10001005: Database info:
	Database JDBC URL [Connecting through datasource 'HikariDataSource (HikariPool-1)']
	Database driver: undefined/unknown
	Database version: 14.22
	Autocommit mode: undefined/unknown
	Isolation level: undefined/unknown
	Minimum pool size: undefined/unknown
	Maximum pool size: undefined/unknown
2026-04-30T06:50:47.787+07:00  INFO 25008 --- [order-service] [main] [                                                 ] o.h.e.t.j.p.i.JtaPlatformInitiator       : HHH000489: No JTA platform available (set 'hibernate.transaction.jta.platform' to enable JTA platform integration)
2026-04-30T06:50:49.044+07:00  INFO 25008 --- [order-service] [main] [                                                 ] j.LocalContainerEntityManagerFactoryBean : Initialized JPA EntityManagerFactory for persistence unit 'default'
2026-04-30T06:50:51.725+07:00  INFO 25008 --- [order-service] [main] [                                                 ] o.s.cloud.commons.util.InetUtils         : Cannot determine local hostname
2026-04-30T06:50:53.634+07:00  INFO 25008 --- [order-service] [main] [                                                 ] o.s.cloud.commons.util.InetUtils         : Cannot determine local hostname
2026-04-30T06:50:56.117+07:00  INFO 25008 --- [order-service] [main] [                                                 ] o.s.c.s.m.DirectWithAttributesChannel    : Channel 'order-service.springCloudBusInput' has 1 subscriber(s).
2026-04-30T06:51:05.908+07:00  WARN 25008 --- [order-service] [main] [                                                 ] o.s.aop.framework.CglibAopProxy          : Unable to proxy interface-implementing method [public final void org.springframework.amqp.rabbit.connection.CachingConnectionFactory.destroy()] because it is marked as final, consider using interface-based JDK proxies instead.
2026-04-30T06:51:05.909+07:00  WARN 25008 --- [order-service] [main] [                                                 ] o.s.aop.framework.CglibAopProxy          : Unable to proxy interface-implementing method [public final org.springframework.amqp.rabbit.connection.Connection org.springframework.amqp.rabbit.connection.CachingConnectionFactory.createConnection() throws org.springframework.amqp.AmqpException] because it is marked as final, consider using interface-based JDK proxies instead.
2026-04-30T06:51:06.648+07:00  INFO 25008 --- [order-service] [main] [                                                 ] figuration$IntegrationJmxConfiguration$1 : Registering MessageChannel errorChannel
2026-04-30T06:51:06.820+07:00  INFO 25008 --- [order-service] [main] [                                                 ] figuration$IntegrationJmxConfiguration$1 : Registering MessageChannel springCloudBusInput
2026-04-30T06:51:06.901+07:00  INFO 25008 --- [order-service] [main] [                                                 ] figuration$IntegrationJmxConfiguration$1 : Registering MessageChannel nullChannel
2026-04-30T06:51:06.919+07:00  INFO 25008 --- [order-service] [main] [                                                 ] figuration$IntegrationJmxConfiguration$1 : Registering MessageHandler _org.springframework.integration.errorLogger.handler
2026-04-30T06:51:07.008+07:00  INFO 25008 --- [order-service] [main] [                                                 ] figuration$IntegrationJmxConfiguration$1 : Located managed bean 'org.springframework.integration:type=ManagedEndpoint,name=errorLogger,bean=internal': registering with JMX server as MBean [org.springframework.integration:type=ManagedEndpoint,name=errorLogger,bean=internal]
2026-04-30T06:51:07.018+07:00  INFO 25008 --- [order-service] [main] [                                                 ] figuration$IntegrationJmxConfiguration$1 : Registered endpoint without MessageSource: org.springframework.integration:type=ManagedEndpoint,name=errorLogger,bean=internal
2026-04-30T06:51:07.692+07:00  INFO 25008 --- [order-service] [main] [                                                 ] o.s.i.endpoint.EventDrivenConsumer       : Adding {logging-channel-adapter:_org.springframework.integration.errorLogger} as a subscriber to the 'errorChannel' channel
2026-04-30T06:51:07.693+07:00  INFO 25008 --- [order-service] [main] [                                                 ] o.s.i.channel.PublishSubscribeChannel    : Channel 'order-service.errorChannel' has 1 subscriber(s).
2026-04-30T06:51:07.699+07:00  INFO 25008 --- [order-service] [main] [                                                 ] o.s.i.endpoint.EventDrivenConsumer       : started bean '_org.springframework.integration.errorLogger'
2026-04-30T06:51:08.570+07:00  INFO 25008 --- [order-service] [main] [                                                 ] DiscoveryClientOptionalArgsConfiguration : Eureka HTTP Client uses RestTemplate.
2026-04-30T06:51:08.792+07:00  INFO 25008 --- [order-service] [main] [                                                 ] o.s.c.n.eureka.InstanceInfoFactory       : Setting initial instance status as: STARTING
2026-04-30T06:51:09.092+07:00  INFO 25008 --- [order-service] [main] [                                                 ] com.netflix.discovery.DiscoveryClient    : Initializing Eureka in region us-east-1
2026-04-30T06:51:09.114+07:00  INFO 25008 --- [order-service] [main] [                                                 ] c.n.d.s.r.aws.ConfigClusterResolver      : Resolving eureka endpoints via configuration
2026-04-30T06:51:09.185+07:00  INFO 25008 --- [order-service] [main] [                                                 ] com.netflix.discovery.DiscoveryClient    : Disable delta property : false
2026-04-30T06:51:09.187+07:00  INFO 25008 --- [order-service] [main] [                                                 ] com.netflix.discovery.DiscoveryClient    : Single vip registry refresh property : null
2026-04-30T06:51:09.188+07:00  INFO 25008 --- [order-service] [main] [                                                 ] com.netflix.discovery.DiscoveryClient    : Force full registry fetch : false
2026-04-30T06:51:09.189+07:00  INFO 25008 --- [order-service] [main] [                                                 ] com.netflix.discovery.DiscoveryClient    : Application is null : false
2026-04-30T06:51:09.200+07:00  INFO 25008 --- [order-service] [main] [                                                 ] com.netflix.discovery.DiscoveryClient    : Registered Applications size is zero : true
2026-04-30T06:51:09.202+07:00  INFO 25008 --- [order-service] [main] [                                                 ] com.netflix.discovery.DiscoveryClient    : Application version is -1: true
2026-04-30T06:51:12.561+07:00  INFO 25008 --- [order-service] [main] [                                                 ] com.netflix.discovery.DiscoveryClient    : Getting all instance registry info from the eureka server
2026-04-30T06:51:14.866+07:00  INFO 25008 --- [order-service] [main] [                                                 ] com.netflix.discovery.DiscoveryClient    : The response status is 200
2026-04-30T06:51:14.872+07:00  INFO 25008 --- [order-service] [main] [                                                 ] com.netflix.discovery.DiscoveryClient    : Starting heartbeat executor: renew interval is: 30
2026-04-30T06:51:14.879+07:00  INFO 25008 --- [order-service] [main] [                                                 ] c.n.discovery.InstanceInfoReplicator     : InstanceInfoReplicator onDemand update allowed rate per min is 4
2026-04-30T06:51:14.892+07:00  INFO 25008 --- [order-service] [main] [                                                 ] com.netflix.discovery.DiscoveryClient    : Discovery Client initialized at timestamp 1777506674883 with initial instances count: 1
2026-04-30T06:51:14.934+07:00  INFO 25008 --- [order-service] [main] [                                                 ] o.s.c.n.e.s.EurekaServiceRegistry        : Registering application ORDER-SERVICE with eureka with status UP
2026-04-30T06:51:14.936+07:00  INFO 25008 --- [order-service] [main] [                                                 ] com.netflix.discovery.DiscoveryClient    : Saw local status change event StatusChangeEvent [timestamp=1777506674936, current=UP, previous=STARTING]
2026-04-30T06:51:14.943+07:00  INFO 25008 --- [order-service] [DiscoveryClient-InstanceInfoReplicator-%d] [                                                 ] com.netflix.discovery.DiscoveryClient    : DiscoveryClient_ORDER-SERVICE/localhost:order-service:8083: registering service...
2026-04-30T06:51:14.949+07:00  INFO 25008 --- [order-service] [main] [                                                 ] o.s.c.s.binder.DefaultBinderFactory      : Creating binder: rabbit
2026-04-30T06:51:14.950+07:00  INFO 25008 --- [order-service] [main] [                                                 ] o.s.c.s.binder.DefaultBinderFactory      : Constructing binder child context for rabbit
2026-04-30T06:51:15.156+07:00  INFO 25008 --- [order-service] [DiscoveryClient-InstanceInfoReplicator-%d] [                                                 ] com.netflix.discovery.DiscoveryClient    : DiscoveryClient_ORDER-SERVICE/localhost:order-service:8083 - registration status: 204
2026-04-30T06:51:15.780+07:00  WARN 25008 --- [order-service] [main] [                                                 ] JpaBaseConfiguration$JpaWebConfiguration : spring.jpa.open-in-view is enabled by default. Therefore, database queries may be performed during view rendering. Explicitly configure spring.jpa.open-in-view to disable this warning
2026-04-30T06:51:16.147+07:00  INFO 25008 --- [order-service] [main] [                                                 ] o.s.c.s.binder.DefaultBinderFactory      : Caching the binder: rabbit
2026-04-30T06:51:16.215+07:00  INFO 25008 --- [order-service] [main] [                                                 ] c.s.b.r.p.RabbitExchangeQueueProvisioner : declaring queue for inbound: springCloudBus.anonymous.LWobP1FFTOyCmQq_l-OIcQ, bound to: springCloudBus
2026-04-30T06:51:16.235+07:00  INFO 25008 --- [order-service] [main] [                                                 ] o.s.a.r.c.CachingConnectionFactory       : Attempting to connect to: [localhost:5672]
2026-04-30T06:51:16.524+07:00  INFO 25008 --- [order-service] [main] [                                                 ] o.s.a.r.c.CachingConnectionFactory       : Created new connection: rabbitConnectionFactory#7b303608:0/SimpleConnection@6eeb6ef7 [delegate=amqp://guest@127.0.0.1:5672/, localPort=52320]
2026-04-30T06:51:16.791+07:00  INFO 25008 --- [order-service] [main] [                                                 ] o.s.c.stream.binder.BinderErrorChannel   : Channel 'rabbit-1214724751.springCloudBusInput.errors' has 1 subscriber(s).
2026-04-30T06:51:16.794+07:00  INFO 25008 --- [order-service] [main] [                                                 ] o.s.c.stream.binder.BinderErrorChannel   : Channel 'rabbit-1214724751.springCloudBusInput.errors' has 2 subscriber(s).
2026-04-30T06:51:17.237+07:00  INFO 25008 --- [order-service] [main] [                                                 ] o.s.i.a.i.AmqpInboundChannelAdapter      : started bean 'inbound.springCloudBus.anonymous.LWobP1FFTOyCmQq_l-OIcQ'
2026-04-30T06:51:17.332+07:00  INFO 25008 --- [order-service] [main] [                                                 ] o.s.b.w.embedded.tomcat.TomcatWebServer  : Tomcat started on port 8083 (http) with context path '/'
2026-04-30T06:51:17.353+07:00  INFO 25008 --- [order-service] [main] [                                                 ] .s.c.n.e.s.EurekaAutoServiceRegistration : Updating port to 8083
2026-04-30T06:51:18.378+07:00  INFO 25008 --- [order-service] [main] [                                                 ] o.s.cloud.commons.util.InetUtils         : Cannot determine local hostname
2026-04-30T06:51:19.402+07:00  INFO 25008 --- [order-service] [main] [                                                 ] o.s.cloud.commons.util.InetUtils         : Cannot determine local hostname
2026-04-30T06:51:19.549+07:00  INFO 25008 --- [order-service] [main] [                                                 ] figuration$IntegrationJmxConfiguration$1 : Registering MessageChannel rabbit-1214724751.springCloudBusInput.errors
2026-04-30T06:51:20.345+07:00  INFO 25008 --- [order-service] [main] [                                                 ] o.s.b.a.e.web.EndpointLinksResolver      : Exposing 35 endpoints beneath base path '/actuator'
2026-04-30T06:51:20.515+07:00  INFO 25008 --- [order-service] [main] [                                                 ] com.ecommerce.order.OrderApplication     : Started OrderApplication in 60.858 seconds (process running for 63.867)
2026-04-30T06:51:21.009+07:00  INFO 25008 --- [order-service] [RMI TCP Connection(3)-172.28.240.1] [                                                 ] o.a.c.c.C.[Tomcat].[localhost].[/]       : Initializing Spring DispatcherServlet 'dispatcherServlet'
2026-04-30T06:51:21.010+07:00  INFO 25008 --- [order-service] [RMI TCP Connection(3)-172.28.240.1] [                                                 ] o.s.web.servlet.DispatcherServlet        : Initializing Servlet 'dispatcherServlet'
2026-04-30T06:51:22.782+07:00  INFO 25008 --- [order-service] [RMI TCP Connection(1)-172.28.240.1] [                                                 ] o.s.cloud.commons.util.InetUtils         : Cannot determine local hostname
2026-04-30T06:51:22.998+07:00  INFO 25008 --- [order-service] [RMI TCP Connection(3)-172.28.240.1] [                                                 ] o.s.web.servlet.DispatcherServlet        : Completed initialization in 1987 ms
2026-04-30T06:56:12.635+07:00  INFO 25008 --- [order-service] [AsyncResolver-bootstrap-executor-%d] [                                                 ] c.n.d.s.r.aws.ConfigClusterResolver      : Resolving eureka endpoints via configuration
2026-04-30T07:01:12.698+07:00  INFO 25008 --- [order-service] [AsyncResolver-bootstrap-executor-%d] [                                                 ] c.n.d.s.r.aws.ConfigClusterResolver      : Resolving eureka endpoints via configuration
2026-04-30T07:06:12.819+07:00  INFO 25008 --- [order-service] [AsyncResolver-bootstrap-executor-%d] [                                                 ] c.n.d.s.r.aws.ConfigClusterResolver      : Resolving eureka endpoints via configuration
2026-04-30T07:09:49.048+07:00  WARN 25008 --- [order-service] [AsyncReporter{ZipkinHttpClientSender{http://localhost:9411/api/v2/spans}}] [                                                 ] z.r.i.AsyncReporter$BoundedAsyncReporter : Spans were dropped due to exceptions. All subsequent errors will be logged at FINE level.
2026-04-30T07:09:49.147+07:00  WARN 25008 --- [order-service] [AsyncReporter{ZipkinHttpClientSender{http://localhost:9411/api/v2/spans}}] [                                                 ] z.r.i.AsyncReporter$BoundedAsyncReporter : Dropped 1 spans due to HttpTimeoutException(request timed out)

java.net.http.HttpTimeoutException: request timed out
	at java.net.http/jdk.internal.net.http.HttpClientImpl.send(HttpClientImpl.java:921) ~[java.net.http:na]
	at java.net.http/jdk.internal.net.http.HttpClientFacade.send(HttpClientFacade.java:133) ~[java.net.http:na]
	at org.springframework.boot.actuate.autoconfigure.tracing.zipkin.ZipkinHttpClientSender.postSpans(ZipkinHttpClientSender.java:60) ~[spring-boot-actuator-autoconfigure-3.5.13.jar:3.5.13]
	at org.springframework.boot.actuate.autoconfigure.tracing.zipkin.HttpSender.postSpans(HttpSender.java:69) ~[spring-boot-actuator-autoconfigure-3.5.13.jar:3.5.13]
	at org.springframework.boot.actuate.autoconfigure.tracing.zipkin.HttpSender.postSpans(HttpSender.java:41) ~[spring-boot-actuator-autoconfigure-3.5.13.jar:3.5.13]
	at zipkin2.reporter.BaseHttpSender.send(BaseHttpSender.java:123) ~[zipkin-reporter-3.5.3.jar:na]
	at zipkin2.reporter.internal.AsyncReporter$BoundedAsyncReporter.flush(AsyncReporter.java:266) ~[zipkin-reporter-3.5.3.jar:na]
	at zipkin2.reporter.internal.AsyncReporter$Flusher.run(AsyncReporter.java:352) ~[zipkin-reporter-3.5.3.jar:na]
	at java.base/java.lang.Thread.run(Thread.java:1447) ~[na:na]

2026-04-30T07:11:13.437+07:00  INFO 25008 --- [order-service] [AsyncResolver-bootstrap-executor-%d] [                                                 ] c.n.d.s.r.aws.ConfigClusterResolver      : Resolving eureka endpoints via configuration
2026-04-30T07:12:51.692+07:00  INFO 25008 --- [order-service] [SpringApplicationShutdownHook] [                                                 ] o.s.c.n.e.s.EurekaServiceRegistry        : Unregistering application ORDER-SERVICE with eureka with status DOWN
2026-04-30T07:12:51.808+07:00  INFO 25008 --- [order-service] [SpringApplicationShutdownHook] [                                                 ] com.netflix.discovery.DiscoveryClient    : Saw local status change event StatusChangeEvent [timestamp=1777507971807, current=DOWN, previous=UP]
2026-04-30T07:12:51.824+07:00  INFO 25008 --- [order-service] [DiscoveryClient-InstanceInfoReplicator-%d] [                                                 ] com.netflix.discovery.DiscoveryClient    : DiscoveryClient_ORDER-SERVICE/localhost:order-service:8083: registering service...
2026-04-30T07:12:53.102+07:00  INFO 25008 --- [order-service] [DiscoveryClient-InstanceInfoReplicator-%d] [                                                 ] com.netflix.discovery.DiscoveryClient    : DiscoveryClient_ORDER-SERVICE/localhost:order-service:8083 - registration status: 204
2026-04-30T07:12:53.279+07:00  INFO 25008 --- [order-service] [SpringApplicationShutdownHook] [                                                 ] o.s.b.w.e.tomcat.GracefulShutdown        : Commencing graceful shutdown. Waiting for active requests to complete
2026-04-30T07:12:53.852+07:00  INFO 25008 --- [order-service] [tomcat-shutdown] [                                                 ] o.s.b.w.e.tomcat.GracefulShutdown        : Graceful shutdown complete
2026-04-30T07:12:55.754+07:00  INFO 25008 --- [order-service] [SpringApplicationShutdownHook] [                                                 ] o.s.a.r.l.SimpleMessageListenerContainer : Waiting for workers to finish.
2026-04-30T07:12:55.756+07:00  INFO 25008 --- [order-service] [SpringApplicationShutdownHook] [                                                 ] o.s.a.r.l.SimpleMessageListenerContainer : Successfully waited for workers to finish.
2026-04-30T07:12:55.803+07:00  INFO 25008 --- [order-service] [SpringApplicationShutdownHook] [                                                 ] o.s.i.a.i.AmqpInboundChannelAdapter      : stopped bean 'inbound.springCloudBus.anonymous.LWobP1FFTOyCmQq_l-OIcQ'
2026-04-30T07:12:57.244+07:00  INFO 25008 --- [order-service] [SpringApplicationShutdownHook] [                                                 ] o.s.c.stream.binder.BinderErrorChannel   : Channel 'order-service.rabbit-1214724751.springCloudBusInput.errors' has 1 subscriber(s).
2026-04-30T07:12:57.318+07:00  INFO 25008 --- [order-service] [SpringApplicationShutdownHook] [                                                 ] o.s.c.stream.binder.BinderErrorChannel   : Channel 'order-service.rabbit-1214724751.springCloudBusInput.errors' has 0 subscriber(s).
2026-04-30T07:12:58.594+07:00  INFO 25008 --- [order-service] [SpringApplicationShutdownHook] [                                                 ] o.s.i.endpoint.EventDrivenConsumer       : Removing {logging-channel-adapter:_org.springframework.integration.errorLogger} as a subscriber to the 'errorChannel' channel
2026-04-30T07:12:58.597+07:00  INFO 25008 --- [order-service] [SpringApplicationShutdownHook] [                                                 ] o.s.i.channel.PublishSubscribeChannel    : Channel 'order-service.errorChannel' has 0 subscriber(s).
2026-04-30T07:12:58.610+07:00  INFO 25008 --- [order-service] [SpringApplicationShutdownHook] [                                                 ] o.s.i.endpoint.EventDrivenConsumer       : stopped bean '_org.springframework.integration.errorLogger'
2026-04-30T07:12:58.909+07:00  INFO 25008 --- [order-service] [SpringApplicationShutdownHook] [                                                 ] j.LocalContainerEntityManagerFactoryBean : Closing JPA EntityManagerFactory for persistence unit 'default'
2026-04-30T07:12:59.050+07:00  INFO 25008 --- [order-service] [SpringApplicationShutdownHook] [                                                 ] com.zaxxer.hikari.HikariDataSource       : HikariPool-1 - Shutdown initiated...
2026-04-30T07:12:59.126+07:00  INFO 25008 --- [order-service] [SpringApplicationShutdownHook] [                                                 ] com.zaxxer.hikari.HikariDataSource       : HikariPool-1 - Shutdown completed.
2026-04-30T07:12:59.452+07:00  INFO 25008 --- [order-service] [SpringApplicationShutdownHook] [                                                 ] com.netflix.discovery.DiscoveryClient    : Shutting down DiscoveryClient ...
2026-04-30T07:13:02.466+07:00  INFO 25008 --- [order-service] [SpringApplicationShutdownHook] [                                                 ] com.netflix.discovery.DiscoveryClient    : Unregistering ...
2026-04-30T07:13:02.741+07:00  INFO 25008 --- [order-service] [SpringApplicationShutdownHook] [                                                 ] com.netflix.discovery.DiscoveryClient    : DiscoveryClient_ORDER-SERVICE/localhost:order-service:8083 - deregister  status: 200
2026-04-30T07:13:02.747+07:00  INFO 25008 --- [order-service] [SpringApplicationShutdownHook] [                                                 ] com.netflix.discovery.DiscoveryClient    : Completed shut down of DiscoveryClient
2026-04-30T07:13:36.520+07:00  INFO 6384 --- [order-service] [main] [                                                 ] com.ecommerce.order.OrderApplication     : Starting OrderApplication using Java 24 with PID 6384 (D:\Spring-Boot\ecom-microservices\order\target\classes started by ThinkPad in D:\Spring-Boot\ecom-microservices)
2026-04-30T07:13:36.532+07:00  INFO 6384 --- [order-service] [main] [                                                 ] com.ecommerce.order.OrderApplication     : No active profile set, falling back to 1 default profile: "default"
2026-04-30T07:13:36.680+07:00  INFO 6384 --- [order-service] [main] [                                                 ] o.s.c.c.c.ConfigServerConfigDataLoader   : Fetching config from server at : http://localhost:8888
2026-04-30T07:13:36.681+07:00  INFO 6384 --- [order-service] [main] [                                                 ] o.s.c.c.c.ConfigServerConfigDataLoader   : Located environment: name=order-service, profiles=[default], label=null, version=null, state=null
2026-04-30T07:13:41.914+07:00  INFO 6384 --- [order-service] [main] [                                                 ] .s.d.r.c.RepositoryConfigurationDelegate : Bootstrapping Spring Data JPA repositories in DEFAULT mode.
2026-04-30T07:13:42.982+07:00  INFO 6384 --- [order-service] [main] [                                                 ] .s.d.r.c.RepositoryConfigurationDelegate : Finished Spring Data repository scanning in 1030 ms. Found 2 JPA repository interfaces.
2026-04-30T07:13:45.293+07:00  INFO 6384 --- [order-service] [main] [                                                 ] faultConfiguringBeanFactoryPostProcessor : No bean named 'errorChannel' has been explicitly defined. Therefore, a default PublishSubscribeChannel will be created.
2026-04-30T07:13:45.662+07:00  INFO 6384 --- [order-service] [main] [                                                 ] faultConfiguringBeanFactoryPostProcessor : No bean named 'integrationHeaderChannelRegistry' has been explicitly defined. Therefore, a default DefaultHeaderChannelRegistry will be created.
2026-04-30T07:13:48.806+07:00  INFO 6384 --- [order-service] [main] [                                                 ] o.s.cloud.context.scope.GenericScope     : BeanFactory id=2488d5f5-9302-3ce7-a14f-f3bcb3fd1d59
2026-04-30T07:13:53.951+07:00  INFO 6384 --- [order-service] [main] [                                                 ] o.s.b.w.embedded.tomcat.TomcatWebServer  : Tomcat initialized with port 8083 (http)
2026-04-30T07:13:53.984+07:00  INFO 6384 --- [order-service] [main] [                                                 ] o.apache.catalina.core.StandardService   : Starting service [Tomcat]
2026-04-30T07:13:53.985+07:00  INFO 6384 --- [order-service] [main] [                                                 ] o.apache.catalina.core.StandardEngine    : Starting Servlet engine: [Apache Tomcat/10.1.53]
2026-04-30T07:13:54.594+07:00  INFO 6384 --- [order-service] [main] [                                                 ] o.a.c.c.C.[Tomcat].[localhost].[/]       : Initializing Spring embedded WebApplicationContext
2026-04-30T07:13:54.595+07:00  INFO 6384 --- [order-service] [main] [                                                 ] w.s.c.ServletWebServerApplicationContext : Root WebApplicationContext: initialization completed in 17904 ms
2026-04-30T07:13:57.267+07:00  INFO 6384 --- [order-service] [main] [                                                 ] o.hibernate.jpa.internal.util.LogHelper  : HHH000204: Processing PersistenceUnitInfo [name: default]
2026-04-30T07:13:57.429+07:00  INFO 6384 --- [order-service] [main] [                                                 ] org.hibernate.Version                    : HHH000412: Hibernate ORM core version 6.6.45.Final
2026-04-30T07:13:57.556+07:00  INFO 6384 --- [order-service] [main] [                                                 ] o.h.c.internal.RegionFactoryInitiator    : HHH000026: Second-level cache disabled
2026-04-30T07:13:58.343+07:00  INFO 6384 --- [order-service] [main] [                                                 ] o.s.o.j.p.SpringPersistenceUnitInfo      : No LoadTimeWeaver setup: ignoring JPA class transformer
2026-04-30T07:13:58.420+07:00  INFO 6384 --- [order-service] [main] [                                                 ] com.zaxxer.hikari.HikariDataSource       : HikariPool-1 - Starting...
2026-04-30T07:13:58.822+07:00  INFO 6384 --- [order-service] [main] [                                                 ] com.zaxxer.hikari.pool.HikariPool        : HikariPool-1 - Added connection org.postgresql.jdbc.PgConnection@2fc7c36a
2026-04-30T07:13:58.828+07:00  INFO 6384 --- [order-service] [main] [                                                 ] com.zaxxer.hikari.HikariDataSource       : HikariPool-1 - Start completed.
2026-04-30T07:13:59.001+07:00  WARN 6384 --- [order-service] [main] [                                                 ] org.hibernate.orm.deprecation            : HHH90000025: PostgreSQLDialect does not need to be specified explicitly using 'hibernate.dialect' (remove the property setting and it will be selected by default)
2026-04-30T07:13:59.073+07:00  INFO 6384 --- [order-service] [main] [                                                 ] org.hibernate.orm.connections.pooling    : HHH10001005: Database info:
	Database JDBC URL [Connecting through datasource 'HikariDataSource (HikariPool-1)']
	Database driver: undefined/unknown
	Database version: 14.22
	Autocommit mode: undefined/unknown
	Isolation level: undefined/unknown
	Minimum pool size: undefined/unknown
	Maximum pool size: undefined/unknown
2026-04-30T07:14:01.582+07:00  INFO 6384 --- [order-service] [main] [                                                 ] o.h.e.t.j.p.i.JtaPlatformInitiator       : HHH000489: No JTA platform available (set 'hibernate.transaction.jta.platform' to enable JTA platform integration)
2026-04-30T07:14:02.023+07:00  INFO 6384 --- [order-service] [main] [                                                 ] j.LocalContainerEntityManagerFactoryBean : Initialized JPA EntityManagerFactory for persistence unit 'default'
2026-04-30T07:14:03.814+07:00  INFO 6384 --- [order-service] [main] [                                                 ] o.s.cloud.commons.util.InetUtils         : Cannot determine local hostname
2026-04-30T07:14:04.949+07:00  INFO 6384 --- [order-service] [main] [                                                 ] o.s.cloud.commons.util.InetUtils         : Cannot determine local hostname
2026-04-30T07:14:06.321+07:00  INFO 6384 --- [order-service] [main] [                                                 ] o.s.c.s.m.DirectWithAttributesChannel    : Channel 'order-service.springCloudBusInput' has 1 subscriber(s).
2026-04-30T07:14:09.021+07:00  WARN 6384 --- [order-service] [main] [                                                 ] o.s.aop.framework.CglibAopProxy          : Unable to proxy interface-implementing method [public final void org.springframework.amqp.rabbit.connection.CachingConnectionFactory.destroy()] because it is marked as final, consider using interface-based JDK proxies instead.
2026-04-30T07:14:09.023+07:00  WARN 6384 --- [order-service] [main] [                                                 ] o.s.aop.framework.CglibAopProxy          : Unable to proxy interface-implementing method [public final org.springframework.amqp.rabbit.connection.Connection org.springframework.amqp.rabbit.connection.CachingConnectionFactory.createConnection() throws org.springframework.amqp.AmqpException] because it is marked as final, consider using interface-based JDK proxies instead.
2026-04-30T07:14:09.214+07:00  INFO 6384 --- [order-service] [main] [                                                 ] figuration$IntegrationJmxConfiguration$1 : Registering MessageChannel errorChannel
2026-04-30T07:14:09.232+07:00  INFO 6384 --- [order-service] [main] [                                                 ] figuration$IntegrationJmxConfiguration$1 : Registering MessageChannel springCloudBusInput
2026-04-30T07:14:09.241+07:00  INFO 6384 --- [order-service] [main] [                                                 ] figuration$IntegrationJmxConfiguration$1 : Registering MessageChannel nullChannel
2026-04-30T07:14:09.254+07:00  INFO 6384 --- [order-service] [main] [                                                 ] figuration$IntegrationJmxConfiguration$1 : Registering MessageHandler _org.springframework.integration.errorLogger.handler
2026-04-30T07:14:09.302+07:00  INFO 6384 --- [order-service] [main] [                                                 ] figuration$IntegrationJmxConfiguration$1 : Located managed bean 'org.springframework.integration:type=ManagedEndpoint,name=errorLogger,bean=internal': registering with JMX server as MBean [org.springframework.integration:type=ManagedEndpoint,name=errorLogger,bean=internal]
2026-04-30T07:14:09.309+07:00  INFO 6384 --- [order-service] [main] [                                                 ] figuration$IntegrationJmxConfiguration$1 : Registered endpoint without MessageSource: org.springframework.integration:type=ManagedEndpoint,name=errorLogger,bean=internal
2026-04-30T07:14:09.435+07:00  INFO 6384 --- [order-service] [main] [                                                 ] o.s.i.endpoint.EventDrivenConsumer       : Adding {logging-channel-adapter:_org.springframework.integration.errorLogger} as a subscriber to the 'errorChannel' channel
2026-04-30T07:14:09.435+07:00  INFO 6384 --- [order-service] [main] [                                                 ] o.s.i.channel.PublishSubscribeChannel    : Channel 'order-service.errorChannel' has 1 subscriber(s).
2026-04-30T07:14:09.436+07:00  INFO 6384 --- [order-service] [main] [                                                 ] o.s.i.endpoint.EventDrivenConsumer       : started bean '_org.springframework.integration.errorLogger'
2026-04-30T07:14:09.634+07:00  INFO 6384 --- [order-service] [main] [                                                 ] DiscoveryClientOptionalArgsConfiguration : Eureka HTTP Client uses RestTemplate.
2026-04-30T07:14:09.749+07:00  INFO 6384 --- [order-service] [main] [                                                 ] o.s.c.n.eureka.InstanceInfoFactory       : Setting initial instance status as: STARTING
2026-04-30T07:14:09.826+07:00  INFO 6384 --- [order-service] [main] [                                                 ] com.netflix.discovery.DiscoveryClient    : Initializing Eureka in region us-east-1
2026-04-30T07:14:09.838+07:00  INFO 6384 --- [order-service] [main] [                                                 ] c.n.d.s.r.aws.ConfigClusterResolver      : Resolving eureka endpoints via configuration
2026-04-30T07:14:09.861+07:00  INFO 6384 --- [order-service] [main] [                                                 ] com.netflix.discovery.DiscoveryClient    : Disable delta property : false
2026-04-30T07:14:09.862+07:00  INFO 6384 --- [order-service] [main] [                                                 ] com.netflix.discovery.DiscoveryClient    : Single vip registry refresh property : null
2026-04-30T07:14:09.862+07:00  INFO 6384 --- [order-service] [main] [                                                 ] com.netflix.discovery.DiscoveryClient    : Force full registry fetch : false
2026-04-30T07:14:09.862+07:00  INFO 6384 --- [order-service] [main] [                                                 ] com.netflix.discovery.DiscoveryClient    : Application is null : false
2026-04-30T07:14:09.862+07:00  INFO 6384 --- [order-service] [main] [                                                 ] com.netflix.discovery.DiscoveryClient    : Registered Applications size is zero : true
2026-04-30T07:14:09.862+07:00  INFO 6384 --- [order-service] [main] [                                                 ] com.netflix.discovery.DiscoveryClient    : Application version is -1: true
2026-04-30T07:14:09.863+07:00  INFO 6384 --- [order-service] [main] [                                                 ] com.netflix.discovery.DiscoveryClient    : Getting all instance registry info from the eureka server
2026-04-30T07:14:10.678+07:00  INFO 6384 --- [order-service] [main] [                                                 ] com.netflix.discovery.DiscoveryClient    : The response status is 200
2026-04-30T07:14:10.683+07:00  INFO 6384 --- [order-service] [main] [                                                 ] com.netflix.discovery.DiscoveryClient    : Starting heartbeat executor: renew interval is: 30
2026-04-30T07:14:10.688+07:00  INFO 6384 --- [order-service] [main] [                                                 ] c.n.discovery.InstanceInfoReplicator     : InstanceInfoReplicator onDemand update allowed rate per min is 4
2026-04-30T07:14:10.692+07:00  INFO 6384 --- [order-service] [main] [                                                 ] com.netflix.discovery.DiscoveryClient    : Discovery Client initialized at timestamp 1777508050690 with initial instances count: 3
2026-04-30T07:14:10.716+07:00  INFO 6384 --- [order-service] [main] [                                                 ] o.s.c.n.e.s.EurekaServiceRegistry        : Registering application ORDER-SERVICE with eureka with status UP
2026-04-30T07:14:10.718+07:00  INFO 6384 --- [order-service] [main] [                                                 ] com.netflix.discovery.DiscoveryClient    : Saw local status change event StatusChangeEvent [timestamp=1777508050718, current=UP, previous=STARTING]
2026-04-30T07:14:10.722+07:00  INFO 6384 --- [order-service] [DiscoveryClient-InstanceInfoReplicator-%d] [                                                 ] com.netflix.discovery.DiscoveryClient    : DiscoveryClient_ORDER-SERVICE/localhost:order-service:8083: registering service...
2026-04-30T07:14:10.722+07:00  INFO 6384 --- [order-service] [main] [                                                 ] o.s.c.s.binder.DefaultBinderFactory      : Creating binder: rabbit
2026-04-30T07:14:10.723+07:00  INFO 6384 --- [order-service] [main] [                                                 ] o.s.c.s.binder.DefaultBinderFactory      : Constructing binder child context for rabbit
2026-04-30T07:14:10.965+07:00  INFO 6384 --- [order-service] [DiscoveryClient-InstanceInfoReplicator-%d] [                                                 ] com.netflix.discovery.DiscoveryClient    : DiscoveryClient_ORDER-SERVICE/localhost:order-service:8083 - registration status: 204
2026-04-30T07:14:10.990+07:00  WARN 6384 --- [order-service] [main] [                                                 ] JpaBaseConfiguration$JpaWebConfiguration : spring.jpa.open-in-view is enabled by default. Therefore, database queries may be performed during view rendering. Explicitly configure spring.jpa.open-in-view to disable this warning
2026-04-30T07:14:11.132+07:00  INFO 6384 --- [order-service] [main] [                                                 ] o.s.c.s.binder.DefaultBinderFactory      : Caching the binder: rabbit
2026-04-30T07:14:11.156+07:00  INFO 6384 --- [order-service] [main] [                                                 ] c.s.b.r.p.RabbitExchangeQueueProvisioner : declaring queue for inbound: springCloudBus.anonymous.EtUd95oRS0G0O8bU3setkA, bound to: springCloudBus
2026-04-30T07:14:11.166+07:00  INFO 6384 --- [order-service] [main] [                                                 ] o.s.a.r.c.CachingConnectionFactory       : Attempting to connect to: [localhost:5672]
2026-04-30T07:14:11.379+07:00  INFO 6384 --- [order-service] [main] [                                                 ] o.s.a.r.c.CachingConnectionFactory       : Created new connection: rabbitConnectionFactory#7d9a5edf:0/SimpleConnection@7f150691 [delegate=amqp://guest@127.0.0.1:5672/, localPort=56309]
2026-04-30T07:14:11.558+07:00  INFO 6384 --- [order-service] [main] [                                                 ] o.s.c.stream.binder.BinderErrorChannel   : Channel 'rabbit-1905580773.springCloudBusInput.errors' has 1 subscriber(s).
2026-04-30T07:14:11.560+07:00  INFO 6384 --- [order-service] [main] [                                                 ] o.s.c.stream.binder.BinderErrorChannel   : Channel 'rabbit-1905580773.springCloudBusInput.errors' has 2 subscriber(s).
2026-04-30T07:14:11.637+07:00  INFO 6384 --- [order-service] [main] [                                                 ] o.s.i.a.i.AmqpInboundChannelAdapter      : started bean 'inbound.springCloudBus.anonymous.EtUd95oRS0G0O8bU3setkA'
2026-04-30T07:14:11.678+07:00  INFO 6384 --- [order-service] [main] [                                                 ] o.s.b.w.embedded.tomcat.TomcatWebServer  : Tomcat started on port 8083 (http) with context path '/'
2026-04-30T07:14:11.697+07:00  INFO 6384 --- [order-service] [main] [                                                 ] .s.c.n.e.s.EurekaAutoServiceRegistration : Updating port to 8083
2026-04-30T07:14:12.716+07:00  INFO 6384 --- [order-service] [main] [                                                 ] o.s.cloud.commons.util.InetUtils         : Cannot determine local hostname
2026-04-30T07:14:13.727+07:00  INFO 6384 --- [order-service] [main] [                                                 ] o.s.cloud.commons.util.InetUtils         : Cannot determine local hostname
2026-04-30T07:14:13.873+07:00  INFO 6384 --- [order-service] [main] [                                                 ] figuration$IntegrationJmxConfiguration$1 : Registering MessageChannel rabbit-1905580773.springCloudBusInput.errors
2026-04-30T07:14:14.506+07:00  INFO 6384 --- [order-service] [main] [                                                 ] o.s.b.a.e.web.EndpointLinksResolver      : Exposing 35 endpoints beneath base path '/actuator'
2026-04-30T07:14:14.619+07:00  INFO 6384 --- [order-service] [main] [                                                 ] com.ecommerce.order.OrderApplication     : Started OrderApplication in 45.443 seconds (process running for 49.027)
2026-04-30T07:14:15.652+07:00  INFO 6384 --- [order-service] [RMI TCP Connection(3)-172.28.240.1] [                                                 ] o.a.c.c.C.[Tomcat].[localhost].[/]       : Initializing Spring DispatcherServlet 'dispatcherServlet'
2026-04-30T07:14:15.653+07:00  INFO 6384 --- [order-service] [RMI TCP Connection(3)-172.28.240.1] [                                                 ] o.s.web.servlet.DispatcherServlet        : Initializing Servlet 'dispatcherServlet'
2026-04-30T07:14:16.695+07:00  INFO 6384 --- [order-service] [RMI TCP Connection(1)-172.28.240.1] [                                                 ] o.s.cloud.commons.util.InetUtils         : Cannot determine local hostname
2026-04-30T07:14:17.669+07:00  INFO 6384 --- [order-service] [RMI TCP Connection(3)-172.28.240.1] [                                                 ] o.s.web.servlet.DispatcherServlet        : Completed initialization in 2015 ms
2026-04-30T07:18:47.372+07:00  INFO 6384 --- [order-service] [SpringApplicationShutdownHook] [                                                 ] o.s.c.n.e.s.EurekaServiceRegistry        : Unregistering application ORDER-SERVICE with eureka with status DOWN
2026-04-30T07:18:47.431+07:00  INFO 6384 --- [order-service] [SpringApplicationShutdownHook] [                                                 ] com.netflix.discovery.DiscoveryClient    : Saw local status change event StatusChangeEvent [timestamp=1777508327431, current=DOWN, previous=UP]
2026-04-30T07:18:47.440+07:00  INFO 6384 --- [order-service] [DiscoveryClient-InstanceInfoReplicator-%d] [                                                 ] com.netflix.discovery.DiscoveryClient    : DiscoveryClient_ORDER-SERVICE/localhost:order-service:8083: registering service...
2026-04-30T07:18:47.884+07:00  INFO 6384 --- [order-service] [DiscoveryClient-InstanceInfoReplicator-%d] [                                                 ] com.netflix.discovery.DiscoveryClient    : DiscoveryClient_ORDER-SERVICE/localhost:order-service:8083 - registration status: 204
2026-04-30T07:18:48.309+07:00  INFO 6384 --- [order-service] [SpringApplicationShutdownHook] [                                                 ] o.s.b.w.e.tomcat.GracefulShutdown        : Commencing graceful shutdown. Waiting for active requests to complete
2026-04-30T07:18:48.505+07:00  INFO 6384 --- [order-service] [tomcat-shutdown] [                                                 ] o.s.b.w.e.tomcat.GracefulShutdown        : Graceful shutdown complete
2026-04-30T07:18:50.002+07:00  INFO 6384 --- [order-service] [SpringApplicationShutdownHook] [                                                 ] o.s.a.r.l.SimpleMessageListenerContainer : Waiting for workers to finish.
2026-04-30T07:18:50.004+07:00  INFO 6384 --- [order-service] [SpringApplicationShutdownHook] [                                                 ] o.s.a.r.l.SimpleMessageListenerContainer : Successfully waited for workers to finish.
2026-04-30T07:18:50.059+07:00  INFO 6384 --- [order-service] [SpringApplicationShutdownHook] [                                                 ] o.s.i.a.i.AmqpInboundChannelAdapter      : stopped bean 'inbound.springCloudBus.anonymous.EtUd95oRS0G0O8bU3setkA'
2026-04-30T07:18:51.600+07:00  INFO 6384 --- [order-service] [SpringApplicationShutdownHook] [                                                 ] o.s.c.stream.binder.BinderErrorChannel   : Channel 'order-service.rabbit-1905580773.springCloudBusInput.errors' has 1 subscriber(s).
2026-04-30T07:18:51.630+07:00  INFO 6384 --- [order-service] [SpringApplicationShutdownHook] [                                                 ] o.s.c.stream.binder.BinderErrorChannel   : Channel 'order-service.rabbit-1905580773.springCloudBusInput.errors' has 0 subscriber(s).
2026-04-30T07:18:52.126+07:00  INFO 6384 --- [order-service] [SpringApplicationShutdownHook] [                                                 ] o.s.i.endpoint.EventDrivenConsumer       : Removing {logging-channel-adapter:_org.springframework.integration.errorLogger} as a subscriber to the 'errorChannel' channel
2026-04-30T07:18:52.126+07:00  INFO 6384 --- [order-service] [SpringApplicationShutdownHook] [                                                 ] o.s.i.channel.PublishSubscribeChannel    : Channel 'order-service.errorChannel' has 0 subscriber(s).
2026-04-30T07:18:52.129+07:00  INFO 6384 --- [order-service] [SpringApplicationShutdownHook] [                                                 ] o.s.i.endpoint.EventDrivenConsumer       : stopped bean '_org.springframework.integration.errorLogger'
2026-04-30T07:18:52.474+07:00  INFO 6384 --- [order-service] [SpringApplicationShutdownHook] [                                                 ] j.LocalContainerEntityManagerFactoryBean : Closing JPA EntityManagerFactory for persistence unit 'default'
2026-04-30T07:18:52.620+07:00  INFO 6384 --- [order-service] [SpringApplicationShutdownHook] [                                                 ] com.zaxxer.hikari.HikariDataSource       : HikariPool-1 - Shutdown initiated...
2026-04-30T07:18:52.688+07:00  INFO 6384 --- [order-service] [SpringApplicationShutdownHook] [                                                 ] com.zaxxer.hikari.HikariDataSource       : HikariPool-1 - Shutdown completed.
2026-04-30T07:18:53.417+07:00  INFO 6384 --- [order-service] [SpringApplicationShutdownHook] [                                                 ] com.netflix.discovery.DiscoveryClient    : Shutting down DiscoveryClient ...
2026-04-30T07:19:19.425+07:00  INFO 8032 --- [order-service] [main] [                                                 ] com.ecommerce.order.OrderApplication     : Starting OrderApplication using Java 24 with PID 8032 (D:\Spring-Boot\ecom-microservices\order\target\classes started by ThinkPad in D:\Spring-Boot\ecom-microservices)
2026-04-30T07:19:19.434+07:00  INFO 8032 --- [order-service] [main] [                                                 ] com.ecommerce.order.OrderApplication     : No active profile set, falling back to 1 default profile: "default"
2026-04-30T07:19:19.582+07:00  INFO 8032 --- [order-service] [main] [                                                 ] o.s.c.c.c.ConfigServerConfigDataLoader   : Fetching config from server at : http://localhost:8888
2026-04-30T07:19:19.582+07:00  INFO 8032 --- [order-service] [main] [                                                 ] o.s.c.c.c.ConfigServerConfigDataLoader   : Located environment: name=order-service, profiles=[default], label=null, version=null, state=null
2026-04-30T07:19:23.918+07:00  INFO 8032 --- [order-service] [main] [                                                 ] .s.d.r.c.RepositoryConfigurationDelegate : Bootstrapping Spring Data JPA repositories in DEFAULT mode.
2026-04-30T07:19:24.941+07:00  INFO 8032 --- [order-service] [main] [                                                 ] .s.d.r.c.RepositoryConfigurationDelegate : Finished Spring Data repository scanning in 963 ms. Found 2 JPA repository interfaces.
2026-04-30T07:19:25.669+07:00  INFO 8032 --- [order-service] [main] [                                                 ] faultConfiguringBeanFactoryPostProcessor : No bean named 'errorChannel' has been explicitly defined. Therefore, a default PublishSubscribeChannel will be created.
2026-04-30T07:19:25.706+07:00  INFO 8032 --- [order-service] [main] [                                                 ] faultConfiguringBeanFactoryPostProcessor : No bean named 'integrationHeaderChannelRegistry' has been explicitly defined. Therefore, a default DefaultHeaderChannelRegistry will be created.
2026-04-30T07:19:26.317+07:00  INFO 8032 --- [order-service] [main] [                                                 ] o.s.cloud.context.scope.GenericScope     : BeanFactory id=2488d5f5-9302-3ce7-a14f-f3bcb3fd1d59
2026-04-30T07:19:32.460+07:00  INFO 8032 --- [order-service] [main] [                                                 ] o.s.b.w.embedded.tomcat.TomcatWebServer  : Tomcat initialized with port 8083 (http)
2026-04-30T07:19:32.678+07:00  INFO 8032 --- [order-service] [main] [                                                 ] o.apache.catalina.core.StandardService   : Starting service [Tomcat]
2026-04-30T07:19:32.679+07:00  INFO 8032 --- [order-service] [main] [                                                 ] o.apache.catalina.core.StandardEngine    : Starting Servlet engine: [Apache Tomcat/10.1.53]
2026-04-30T07:19:33.641+07:00  INFO 8032 --- [order-service] [main] [                                                 ] o.a.c.c.C.[Tomcat].[localhost].[/]       : Initializing Spring embedded WebApplicationContext
2026-04-30T07:19:33.642+07:00  INFO 8032 --- [order-service] [main] [                                                 ] w.s.c.ServletWebServerApplicationContext : Root WebApplicationContext: initialization completed in 14056 ms
2026-04-30T07:19:36.487+07:00  INFO 8032 --- [order-service] [main] [                                                 ] o.hibernate.jpa.internal.util.LogHelper  : HHH000204: Processing PersistenceUnitInfo [name: default]
2026-04-30T07:19:36.649+07:00  INFO 8032 --- [order-service] [main] [                                                 ] org.hibernate.Version                    : HHH000412: Hibernate ORM core version 6.6.45.Final
2026-04-30T07:19:36.750+07:00  INFO 8032 --- [order-service] [main] [                                                 ] o.h.c.internal.RegionFactoryInitiator    : HHH000026: Second-level cache disabled
2026-04-30T07:19:37.385+07:00  INFO 8032 --- [order-service] [main] [                                                 ] o.s.o.j.p.SpringPersistenceUnitInfo      : No LoadTimeWeaver setup: ignoring JPA class transformer
2026-04-30T07:19:37.467+07:00  INFO 8032 --- [order-service] [main] [                                                 ] com.zaxxer.hikari.HikariDataSource       : HikariPool-1 - Starting...
2026-04-30T07:19:38.115+07:00  INFO 8032 --- [order-service] [main] [                                                 ] com.zaxxer.hikari.pool.HikariPool        : HikariPool-1 - Added connection org.postgresql.jdbc.PgConnection@651bec9a
2026-04-30T07:19:38.119+07:00  INFO 8032 --- [order-service] [main] [                                                 ] com.zaxxer.hikari.HikariDataSource       : HikariPool-1 - Start completed.
2026-04-30T07:19:38.403+07:00  WARN 8032 --- [order-service] [main] [                                                 ] org.hibernate.orm.deprecation            : HHH90000025: PostgreSQLDialect does not need to be specified explicitly using 'hibernate.dialect' (remove the property setting and it will be selected by default)
2026-04-30T07:19:38.532+07:00  INFO 8032 --- [order-service] [main] [                                                 ] org.hibernate.orm.connections.pooling    : HHH10001005: Database info:
	Database JDBC URL [Connecting through datasource 'HikariDataSource (HikariPool-1)']
	Database driver: undefined/unknown
	Database version: 14.22
	Autocommit mode: undefined/unknown
	Isolation level: undefined/unknown
	Minimum pool size: undefined/unknown
	Maximum pool size: undefined/unknown
2026-04-30T07:19:41.242+07:00  INFO 8032 --- [order-service] [main] [                                                 ] o.h.e.t.j.p.i.JtaPlatformInitiator       : HHH000489: No JTA platform available (set 'hibernate.transaction.jta.platform' to enable JTA platform integration)
2026-04-30T07:19:41.673+07:00  INFO 8032 --- [order-service] [main] [                                                 ] j.LocalContainerEntityManagerFactoryBean : Initialized JPA EntityManagerFactory for persistence unit 'default'
2026-04-30T07:19:43.600+07:00  INFO 8032 --- [order-service] [main] [                                                 ] o.s.cloud.commons.util.InetUtils         : Cannot determine local hostname
2026-04-30T07:19:44.744+07:00  INFO 8032 --- [order-service] [main] [                                                 ] o.s.cloud.commons.util.InetUtils         : Cannot determine local hostname
2026-04-30T07:19:45.678+07:00  INFO 8032 --- [order-service] [main] [                                                 ] o.s.c.s.m.DirectWithAttributesChannel    : Channel 'order-service.springCloudBusInput' has 1 subscriber(s).
2026-04-30T07:19:49.118+07:00  WARN 8032 --- [order-service] [main] [                                                 ] o.s.aop.framework.CglibAopProxy          : Unable to proxy interface-implementing method [public final void org.springframework.amqp.rabbit.connection.CachingConnectionFactory.destroy()] because it is marked as final, consider using interface-based JDK proxies instead.
2026-04-30T07:19:49.122+07:00  WARN 8032 --- [order-service] [main] [                                                 ] o.s.aop.framework.CglibAopProxy          : Unable to proxy interface-implementing method [public final org.springframework.amqp.rabbit.connection.Connection org.springframework.amqp.rabbit.connection.CachingConnectionFactory.createConnection() throws org.springframework.amqp.AmqpException] because it is marked as final, consider using interface-based JDK proxies instead.
2026-04-30T07:19:49.546+07:00  INFO 8032 --- [order-service] [main] [                                                 ] figuration$IntegrationJmxConfiguration$1 : Registering MessageChannel errorChannel
2026-04-30T07:19:49.587+07:00  INFO 8032 --- [order-service] [main] [                                                 ] figuration$IntegrationJmxConfiguration$1 : Registering MessageChannel springCloudBusInput
2026-04-30T07:19:49.621+07:00  INFO 8032 --- [order-service] [main] [                                                 ] figuration$IntegrationJmxConfiguration$1 : Registering MessageChannel nullChannel
2026-04-30T07:19:49.637+07:00  INFO 8032 --- [order-service] [main] [                                                 ] figuration$IntegrationJmxConfiguration$1 : Registering MessageHandler _org.springframework.integration.errorLogger.handler
2026-04-30T07:19:49.728+07:00  INFO 8032 --- [order-service] [main] [                                                 ] figuration$IntegrationJmxConfiguration$1 : Located managed bean 'org.springframework.integration:type=ManagedEndpoint,name=errorLogger,bean=internal': registering with JMX server as MBean [org.springframework.integration:type=ManagedEndpoint,name=errorLogger,bean=internal]
2026-04-30T07:19:49.735+07:00  INFO 8032 --- [order-service] [main] [                                                 ] figuration$IntegrationJmxConfiguration$1 : Registered endpoint without MessageSource: org.springframework.integration:type=ManagedEndpoint,name=errorLogger,bean=internal
2026-04-30T07:19:49.906+07:00  INFO 8032 --- [order-service] [main] [                                                 ] o.s.i.endpoint.EventDrivenConsumer       : Adding {logging-channel-adapter:_org.springframework.integration.errorLogger} as a subscriber to the 'errorChannel' channel
2026-04-30T07:19:49.906+07:00  INFO 8032 --- [order-service] [main] [                                                 ] o.s.i.channel.PublishSubscribeChannel    : Channel 'order-service.errorChannel' has 1 subscriber(s).
2026-04-30T07:19:49.907+07:00  INFO 8032 --- [order-service] [main] [                                                 ] o.s.i.endpoint.EventDrivenConsumer       : started bean '_org.springframework.integration.errorLogger'
2026-04-30T07:19:50.125+07:00  INFO 8032 --- [order-service] [main] [                                                 ] DiscoveryClientOptionalArgsConfiguration : Eureka HTTP Client uses RestTemplate.
2026-04-30T07:19:50.238+07:00  INFO 8032 --- [order-service] [main] [                                                 ] o.s.c.n.eureka.InstanceInfoFactory       : Setting initial instance status as: STARTING
2026-04-30T07:19:50.337+07:00  INFO 8032 --- [order-service] [main] [                                                 ] com.netflix.discovery.DiscoveryClient    : Initializing Eureka in region us-east-1
2026-04-30T07:19:50.348+07:00  INFO 8032 --- [order-service] [main] [                                                 ] c.n.d.s.r.aws.ConfigClusterResolver      : Resolving eureka endpoints via configuration
2026-04-30T07:19:50.379+07:00  INFO 8032 --- [order-service] [main] [                                                 ] com.netflix.discovery.DiscoveryClient    : Disable delta property : false
2026-04-30T07:19:50.380+07:00  INFO 8032 --- [order-service] [main] [                                                 ] com.netflix.discovery.DiscoveryClient    : Single vip registry refresh property : null
2026-04-30T07:19:50.380+07:00  INFO 8032 --- [order-service] [main] [                                                 ] com.netflix.discovery.DiscoveryClient    : Force full registry fetch : false
2026-04-30T07:19:50.380+07:00  INFO 8032 --- [order-service] [main] [                                                 ] com.netflix.discovery.DiscoveryClient    : Application is null : false
2026-04-30T07:19:50.381+07:00  INFO 8032 --- [order-service] [main] [                                                 ] com.netflix.discovery.DiscoveryClient    : Registered Applications size is zero : true
2026-04-30T07:19:50.381+07:00  INFO 8032 --- [order-service] [main] [                                                 ] com.netflix.discovery.DiscoveryClient    : Application version is -1: true
2026-04-30T07:19:50.382+07:00  INFO 8032 --- [order-service] [main] [                                                 ] com.netflix.discovery.DiscoveryClient    : Getting all instance registry info from the eureka server
2026-04-30T07:19:51.901+07:00  INFO 8032 --- [order-service] [main] [                                                 ] com.netflix.discovery.DiscoveryClient    : The response status is 200
2026-04-30T07:19:51.909+07:00  INFO 8032 --- [order-service] [main] [                                                 ] com.netflix.discovery.DiscoveryClient    : Starting heartbeat executor: renew interval is: 30
2026-04-30T07:19:51.917+07:00  INFO 8032 --- [order-service] [main] [                                                 ] c.n.discovery.InstanceInfoReplicator     : InstanceInfoReplicator onDemand update allowed rate per min is 4
2026-04-30T07:19:51.923+07:00  INFO 8032 --- [order-service] [main] [                                                 ] com.netflix.discovery.DiscoveryClient    : Discovery Client initialized at timestamp 1777508391922 with initial instances count: 4
2026-04-30T07:19:51.965+07:00  INFO 8032 --- [order-service] [main] [                                                 ] o.s.c.n.e.s.EurekaServiceRegistry        : Registering application ORDER-SERVICE with eureka with status UP
2026-04-30T07:19:51.966+07:00  INFO 8032 --- [order-service] [main] [                                                 ] com.netflix.discovery.DiscoveryClient    : Saw local status change event StatusChangeEvent [timestamp=1777508391966, current=UP, previous=STARTING]
2026-04-30T07:19:51.973+07:00  INFO 8032 --- [order-service] [DiscoveryClient-InstanceInfoReplicator-%d] [                                                 ] com.netflix.discovery.DiscoveryClient    : DiscoveryClient_ORDER-SERVICE/localhost:order-service:8083: registering service...
2026-04-30T07:19:51.974+07:00  INFO 8032 --- [order-service] [main] [                                                 ] o.s.c.s.binder.DefaultBinderFactory      : Creating binder: rabbit
2026-04-30T07:19:51.975+07:00  INFO 8032 --- [order-service] [main] [                                                 ] o.s.c.s.binder.DefaultBinderFactory      : Constructing binder child context for rabbit
2026-04-30T07:19:52.231+07:00  INFO 8032 --- [order-service] [DiscoveryClient-InstanceInfoReplicator-%d] [                                                 ] com.netflix.discovery.DiscoveryClient    : DiscoveryClient_ORDER-SERVICE/localhost:order-service:8083 - registration status: 204
2026-04-30T07:19:52.347+07:00  WARN 8032 --- [order-service] [main] [                                                 ] JpaBaseConfiguration$JpaWebConfiguration : spring.jpa.open-in-view is enabled by default. Therefore, database queries may be performed during view rendering. Explicitly configure spring.jpa.open-in-view to disable this warning
2026-04-30T07:19:52.571+07:00  INFO 8032 --- [order-service] [main] [                                                 ] o.s.c.s.binder.DefaultBinderFactory      : Caching the binder: rabbit
2026-04-30T07:19:52.617+07:00  INFO 8032 --- [order-service] [main] [                                                 ] c.s.b.r.p.RabbitExchangeQueueProvisioner : declaring queue for inbound: springCloudBus.anonymous.Iah_20s7RYyf4i_rZqaKjg, bound to: springCloudBus
2026-04-30T07:19:52.644+07:00  INFO 8032 --- [order-service] [main] [                                                 ] o.s.a.r.c.CachingConnectionFactory       : Attempting to connect to: [localhost:5672]
2026-04-30T07:19:53.067+07:00  INFO 8032 --- [order-service] [main] [                                                 ] o.s.a.r.c.CachingConnectionFactory       : Created new connection: rabbitConnectionFactory#189d8bef:0/SimpleConnection@5d7d454b [delegate=amqp://guest@127.0.0.1:5672/, localPort=59790]
2026-04-30T07:19:53.352+07:00  INFO 8032 --- [order-service] [main] [                                                 ] o.s.c.stream.binder.BinderErrorChannel   : Channel 'rabbit-1734019152.springCloudBusInput.errors' has 1 subscriber(s).
2026-04-30T07:19:53.354+07:00  INFO 8032 --- [order-service] [main] [                                                 ] o.s.c.stream.binder.BinderErrorChannel   : Channel 'rabbit-1734019152.springCloudBusInput.errors' has 2 subscriber(s).
2026-04-30T07:19:53.444+07:00  INFO 8032 --- [order-service] [main] [                                                 ] o.s.i.a.i.AmqpInboundChannelAdapter      : started bean 'inbound.springCloudBus.anonymous.Iah_20s7RYyf4i_rZqaKjg'
2026-04-30T07:19:53.474+07:00  INFO 8032 --- [order-service] [main] [                                                 ] o.s.b.w.embedded.tomcat.TomcatWebServer  : Tomcat started on port 8083 (http) with context path '/'
2026-04-30T07:19:53.486+07:00  INFO 8032 --- [order-service] [main] [                                                 ] .s.c.n.e.s.EurekaAutoServiceRegistration : Updating port to 8083
2026-04-30T07:19:54.499+07:00  INFO 8032 --- [order-service] [main] [                                                 ] o.s.cloud.commons.util.InetUtils         : Cannot determine local hostname
2026-04-30T07:19:55.512+07:00  INFO 8032 --- [order-service] [main] [                                                 ] o.s.cloud.commons.util.InetUtils         : Cannot determine local hostname
2026-04-30T07:19:55.568+07:00  INFO 8032 --- [order-service] [main] [                                                 ] figuration$IntegrationJmxConfiguration$1 : Registering MessageChannel rabbit-1734019152.springCloudBusInput.errors
2026-04-30T07:19:56.070+07:00  INFO 8032 --- [order-service] [main] [                                                 ] o.s.b.a.e.web.EndpointLinksResolver      : Exposing 35 endpoints beneath base path '/actuator'
2026-04-30T07:19:56.232+07:00  INFO 8032 --- [order-service] [main] [                                                 ] com.ecommerce.order.OrderApplication     : Started OrderApplication in 43.472 seconds (process running for 46.648)
2026-04-30T07:19:56.755+07:00  INFO 8032 --- [order-service] [RMI TCP Connection(2)-172.28.240.1] [                                                 ] o.a.c.c.C.[Tomcat].[localhost].[/]       : Initializing Spring DispatcherServlet 'dispatcherServlet'
2026-04-30T07:19:56.756+07:00  INFO 8032 --- [order-service] [RMI TCP Connection(2)-172.28.240.1] [                                                 ] o.s.web.servlet.DispatcherServlet        : Initializing Servlet 'dispatcherServlet'
2026-04-30T07:19:57.827+07:00  INFO 8032 --- [order-service] [RMI TCP Connection(3)-172.28.240.1] [                                                 ] o.s.cloud.commons.util.InetUtils         : Cannot determine local hostname
2026-04-30T07:19:59.336+07:00  INFO 8032 --- [order-service] [RMI TCP Connection(2)-172.28.240.1] [                                                 ] o.s.web.servlet.DispatcherServlet        : Completed initialization in 2579 ms
2026-04-30T07:22:42.798+07:00  INFO 8032 --- [order-service] [SpringApplicationShutdownHook] [                                                 ] o.s.c.n.e.s.EurekaServiceRegistry        : Unregistering application ORDER-SERVICE with eureka with status DOWN
2026-04-30T07:22:42.815+07:00  INFO 8032 --- [order-service] [SpringApplicationShutdownHook] [                                                 ] com.netflix.discovery.DiscoveryClient    : Saw local status change event StatusChangeEvent [timestamp=1777508562815, current=DOWN, previous=UP]
2026-04-30T07:22:42.819+07:00  INFO 8032 --- [order-service] [DiscoveryClient-InstanceInfoReplicator-%d] [                                                 ] com.netflix.discovery.DiscoveryClient    : DiscoveryClient_ORDER-SERVICE/localhost:order-service:8083: registering service...
2026-04-30T07:22:42.938+07:00  INFO 8032 --- [order-service] [SpringApplicationShutdownHook] [                                                 ] o.s.b.w.e.tomcat.GracefulShutdown        : Commencing graceful shutdown. Waiting for active requests to complete
2026-04-30T07:22:43.027+07:00  INFO 8032 --- [order-service] [DiscoveryClient-InstanceInfoReplicator-%d] [                                                 ] com.netflix.discovery.DiscoveryClient    : DiscoveryClient_ORDER-SERVICE/localhost:order-service:8083 - registration status: 204
2026-04-30T07:22:43.034+07:00  INFO 8032 --- [order-service] [tomcat-shutdown] [                                                 ] o.s.b.w.e.tomcat.GracefulShutdown        : Graceful shutdown complete
2026-04-30T07:22:43.475+07:00  INFO 8032 --- [order-service] [SpringApplicationShutdownHook] [                                                 ] o.s.a.r.l.SimpleMessageListenerContainer : Waiting for workers to finish.
2026-04-30T07:22:43.756+07:00  INFO 8032 --- [order-service] [SpringApplicationShutdownHook] [                                                 ] o.s.a.r.l.SimpleMessageListenerContainer : Successfully waited for workers to finish.
2026-04-30T07:22:43.759+07:00  INFO 8032 --- [order-service] [SpringApplicationShutdownHook] [                                                 ] o.s.i.a.i.AmqpInboundChannelAdapter      : stopped bean 'inbound.springCloudBus.anonymous.Iah_20s7RYyf4i_rZqaKjg'
2026-04-30T07:22:43.917+07:00  INFO 8032 --- [order-service] [SpringApplicationShutdownHook] [                                                 ] o.s.c.stream.binder.BinderErrorChannel   : Channel 'order-service.rabbit-1734019152.springCloudBusInput.errors' has 1 subscriber(s).
2026-04-30T07:22:44.002+07:00  INFO 8032 --- [order-service] [SpringApplicationShutdownHook] [                                                 ] o.s.c.stream.binder.BinderErrorChannel   : Channel 'order-service.rabbit-1734019152.springCloudBusInput.errors' has 0 subscriber(s).
2026-04-30T07:22:44.360+07:00  INFO 8032 --- [order-service] [SpringApplicationShutdownHook] [                                                 ] o.s.i.endpoint.EventDrivenConsumer       : Removing {logging-channel-adapter:_org.springframework.integration.errorLogger} as a subscriber to the 'errorChannel' channel
2026-04-30T07:22:44.363+07:00  INFO 8032 --- [order-service] [SpringApplicationShutdownHook] [                                                 ] o.s.i.channel.PublishSubscribeChannel    : Channel 'order-service.errorChannel' has 0 subscriber(s).
2026-04-30T07:22:44.368+07:00  INFO 8032 --- [order-service] [SpringApplicationShutdownHook] [                                                 ] o.s.i.endpoint.EventDrivenConsumer       : stopped bean '_org.springframework.integration.errorLogger'
2026-04-30T07:22:44.479+07:00  INFO 8032 --- [order-service] [SpringApplicationShutdownHook] [                                                 ] j.LocalContainerEntityManagerFactoryBean : Closing JPA EntityManagerFactory for persistence unit 'default'
2026-04-30T07:22:44.523+07:00  INFO 8032 --- [order-service] [SpringApplicationShutdownHook] [                                                 ] com.zaxxer.hikari.HikariDataSource       : HikariPool-1 - Shutdown initiated...
2026-04-30T07:22:44.557+07:00  INFO 8032 --- [order-service] [SpringApplicationShutdownHook] [                                                 ] com.zaxxer.hikari.HikariDataSource       : HikariPool-1 - Shutdown completed.
2026-04-30T07:22:45.244+07:00  INFO 8032 --- [order-service] [SpringApplicationShutdownHook] [                                                 ] com.netflix.discovery.DiscoveryClient    : Shutting down DiscoveryClient ...
2026-04-30T07:23:06.357+07:00  INFO 10408 --- [order-service] [main] [                                                 ] com.ecommerce.order.OrderApplication     : Starting OrderApplication using Java 24 with PID 10408 (D:\Spring-Boot\ecom-microservices\order\target\classes started by ThinkPad in D:\Spring-Boot\ecom-microservices)
2026-04-30T07:23:06.362+07:00  INFO 10408 --- [order-service] [main] [                                                 ] com.ecommerce.order.OrderApplication     : No active profile set, falling back to 1 default profile: "default"
2026-04-30T07:23:06.503+07:00  INFO 10408 --- [order-service] [main] [                                                 ] o.s.c.c.c.ConfigServerConfigDataLoader   : Fetching config from server at : http://localhost:8888
2026-04-30T07:23:06.504+07:00  INFO 10408 --- [order-service] [main] [                                                 ] o.s.c.c.c.ConfigServerConfigDataLoader   : Located environment: name=order-service, profiles=[default], label=null, version=null, state=null
2026-04-30T07:23:11.636+07:00  INFO 10408 --- [order-service] [main] [                                                 ] .s.d.r.c.RepositoryConfigurationDelegate : Bootstrapping Spring Data JPA repositories in DEFAULT mode.
2026-04-30T07:23:12.349+07:00  INFO 10408 --- [order-service] [main] [                                                 ] .s.d.r.c.RepositoryConfigurationDelegate : Finished Spring Data repository scanning in 687 ms. Found 2 JPA repository interfaces.
2026-04-30T07:23:12.946+07:00  INFO 10408 --- [order-service] [main] [                                                 ] faultConfiguringBeanFactoryPostProcessor : No bean named 'errorChannel' has been explicitly defined. Therefore, a default PublishSubscribeChannel will be created.
2026-04-30T07:23:13.005+07:00  INFO 10408 --- [order-service] [main] [                                                 ] faultConfiguringBeanFactoryPostProcessor : No bean named 'integrationHeaderChannelRegistry' has been explicitly defined. Therefore, a default DefaultHeaderChannelRegistry will be created.
2026-04-30T07:23:13.702+07:00  INFO 10408 --- [order-service] [main] [                                                 ] o.s.cloud.context.scope.GenericScope     : BeanFactory id=2488d5f5-9302-3ce7-a14f-f3bcb3fd1d59
2026-04-30T07:23:15.610+07:00  INFO 10408 --- [order-service] [main] [                                                 ] o.s.b.w.embedded.tomcat.TomcatWebServer  : Tomcat initialized with port 8083 (http)
2026-04-30T07:23:15.645+07:00  INFO 10408 --- [order-service] [main] [                                                 ] o.apache.catalina.core.StandardService   : Starting service [Tomcat]
2026-04-30T07:23:15.646+07:00  INFO 10408 --- [order-service] [main] [                                                 ] o.apache.catalina.core.StandardEngine    : Starting Servlet engine: [Apache Tomcat/10.1.53]
2026-04-30T07:23:15.827+07:00  INFO 10408 --- [order-service] [main] [                                                 ] o.a.c.c.C.[Tomcat].[localhost].[/]       : Initializing Spring embedded WebApplicationContext
2026-04-30T07:23:15.828+07:00  INFO 10408 --- [order-service] [main] [                                                 ] w.s.c.ServletWebServerApplicationContext : Root WebApplicationContext: initialization completed in 9317 ms
2026-04-30T07:23:17.641+07:00  INFO 10408 --- [order-service] [main] [                                                 ] o.hibernate.jpa.internal.util.LogHelper  : HHH000204: Processing PersistenceUnitInfo [name: default]
2026-04-30T07:23:17.761+07:00  INFO 10408 --- [order-service] [main] [                                                 ] org.hibernate.Version                    : HHH000412: Hibernate ORM core version 6.6.45.Final
2026-04-30T07:23:17.848+07:00  INFO 10408 --- [order-service] [main] [                                                 ] o.h.c.internal.RegionFactoryInitiator    : HHH000026: Second-level cache disabled
2026-04-30T07:23:18.574+07:00  INFO 10408 --- [order-service] [main] [                                                 ] o.s.o.j.p.SpringPersistenceUnitInfo      : No LoadTimeWeaver setup: ignoring JPA class transformer
2026-04-30T07:23:18.651+07:00  INFO 10408 --- [order-service] [main] [                                                 ] com.zaxxer.hikari.HikariDataSource       : HikariPool-1 - Starting...
2026-04-30T07:23:19.096+07:00  INFO 10408 --- [order-service] [main] [                                                 ] com.zaxxer.hikari.pool.HikariPool        : HikariPool-1 - Added connection org.postgresql.jdbc.PgConnection@4fe91eed
2026-04-30T07:23:19.101+07:00  INFO 10408 --- [order-service] [main] [                                                 ] com.zaxxer.hikari.HikariDataSource       : HikariPool-1 - Start completed.
2026-04-30T07:23:19.272+07:00  WARN 10408 --- [order-service] [main] [                                                 ] org.hibernate.orm.deprecation            : HHH90000025: PostgreSQLDialect does not need to be specified explicitly using 'hibernate.dialect' (remove the property setting and it will be selected by default)
2026-04-30T07:23:19.325+07:00  INFO 10408 --- [order-service] [main] [                                                 ] org.hibernate.orm.connections.pooling    : HHH10001005: Database info:
	Database JDBC URL [Connecting through datasource 'HikariDataSource (HikariPool-1)']
	Database driver: undefined/unknown
	Database version: 14.22
	Autocommit mode: undefined/unknown
	Isolation level: undefined/unknown
	Minimum pool size: undefined/unknown
	Maximum pool size: undefined/unknown
2026-04-30T07:23:22.443+07:00  INFO 10408 --- [order-service] [main] [                                                 ] o.h.e.t.j.p.i.JtaPlatformInitiator       : HHH000489: No JTA platform available (set 'hibernate.transaction.jta.platform' to enable JTA platform integration)
2026-04-30T07:23:22.952+07:00  INFO 10408 --- [order-service] [main] [                                                 ] j.LocalContainerEntityManagerFactoryBean : Initialized JPA EntityManagerFactory for persistence unit 'default'
2026-04-30T07:23:25.052+07:00  INFO 10408 --- [order-service] [main] [                                                 ] o.s.cloud.commons.util.InetUtils         : Cannot determine local hostname
2026-04-30T07:23:26.315+07:00  INFO 10408 --- [order-service] [main] [                                                 ] o.s.cloud.commons.util.InetUtils         : Cannot determine local hostname
2026-04-30T07:23:27.348+07:00  INFO 10408 --- [order-service] [main] [                                                 ] o.s.c.s.m.DirectWithAttributesChannel    : Channel 'order-service.springCloudBusInput' has 1 subscriber(s).
2026-04-30T07:23:30.156+07:00  WARN 10408 --- [order-service] [main] [                                                 ] o.s.aop.framework.CglibAopProxy          : Unable to proxy interface-implementing method [public final void org.springframework.amqp.rabbit.connection.CachingConnectionFactory.destroy()] because it is marked as final, consider using interface-based JDK proxies instead.
2026-04-30T07:23:30.158+07:00  WARN 10408 --- [order-service] [main] [                                                 ] o.s.aop.framework.CglibAopProxy          : Unable to proxy interface-implementing method [public final org.springframework.amqp.rabbit.connection.Connection org.springframework.amqp.rabbit.connection.CachingConnectionFactory.createConnection() throws org.springframework.amqp.AmqpException] because it is marked as final, consider using interface-based JDK proxies instead.
2026-04-30T07:23:30.619+07:00  INFO 10408 --- [order-service] [main] [                                                 ] figuration$IntegrationJmxConfiguration$1 : Registering MessageChannel errorChannel
2026-04-30T07:23:30.663+07:00  INFO 10408 --- [order-service] [main] [                                                 ] figuration$IntegrationJmxConfiguration$1 : Registering MessageChannel springCloudBusInput
2026-04-30T07:23:30.686+07:00  INFO 10408 --- [order-service] [main] [                                                 ] figuration$IntegrationJmxConfiguration$1 : Registering MessageChannel nullChannel
2026-04-30T07:23:30.700+07:00  INFO 10408 --- [order-service] [main] [                                                 ] figuration$IntegrationJmxConfiguration$1 : Registering MessageHandler _org.springframework.integration.errorLogger.handler
2026-04-30T07:23:30.809+07:00  INFO 10408 --- [order-service] [main] [                                                 ] figuration$IntegrationJmxConfiguration$1 : Located managed bean 'org.springframework.integration:type=ManagedEndpoint,name=errorLogger,bean=internal': registering with JMX server as MBean [org.springframework.integration:type=ManagedEndpoint,name=errorLogger,bean=internal]
2026-04-30T07:23:30.827+07:00  INFO 10408 --- [order-service] [main] [                                                 ] figuration$IntegrationJmxConfiguration$1 : Registered endpoint without MessageSource: org.springframework.integration:type=ManagedEndpoint,name=errorLogger,bean=internal
2026-04-30T07:23:31.275+07:00  INFO 10408 --- [order-service] [main] [                                                 ] o.s.i.endpoint.EventDrivenConsumer       : Adding {logging-channel-adapter:_org.springframework.integration.errorLogger} as a subscriber to the 'errorChannel' channel
2026-04-30T07:23:31.279+07:00  INFO 10408 --- [order-service] [main] [                                                 ] o.s.i.channel.PublishSubscribeChannel    : Channel 'order-service.errorChannel' has 1 subscriber(s).
2026-04-30T07:23:31.285+07:00  INFO 10408 --- [order-service] [main] [                                                 ] o.s.i.endpoint.EventDrivenConsumer       : started bean '_org.springframework.integration.errorLogger'
2026-04-30T07:23:31.541+07:00  INFO 10408 --- [order-service] [main] [                                                 ] DiscoveryClientOptionalArgsConfiguration : Eureka HTTP Client uses RestTemplate.
2026-04-30T07:23:31.654+07:00  INFO 10408 --- [order-service] [main] [                                                 ] o.s.c.n.eureka.InstanceInfoFactory       : Setting initial instance status as: STARTING
2026-04-30T07:23:31.749+07:00  INFO 10408 --- [order-service] [main] [                                                 ] com.netflix.discovery.DiscoveryClient    : Initializing Eureka in region us-east-1
2026-04-30T07:23:31.761+07:00  INFO 10408 --- [order-service] [main] [                                                 ] c.n.d.s.r.aws.ConfigClusterResolver      : Resolving eureka endpoints via configuration
2026-04-30T07:23:31.798+07:00  INFO 10408 --- [order-service] [main] [                                                 ] com.netflix.discovery.DiscoveryClient    : Disable delta property : false
2026-04-30T07:23:31.800+07:00  INFO 10408 --- [order-service] [main] [                                                 ] com.netflix.discovery.DiscoveryClient    : Single vip registry refresh property : null
2026-04-30T07:23:31.800+07:00  INFO 10408 --- [order-service] [main] [                                                 ] com.netflix.discovery.DiscoveryClient    : Force full registry fetch : false
2026-04-30T07:23:31.801+07:00  INFO 10408 --- [order-service] [main] [                                                 ] com.netflix.discovery.DiscoveryClient    : Application is null : false
2026-04-30T07:23:31.801+07:00  INFO 10408 --- [order-service] [main] [                                                 ] com.netflix.discovery.DiscoveryClient    : Registered Applications size is zero : true
2026-04-30T07:23:31.801+07:00  INFO 10408 --- [order-service] [main] [                                                 ] com.netflix.discovery.DiscoveryClient    : Application version is -1: true
2026-04-30T07:23:31.802+07:00  INFO 10408 --- [order-service] [main] [                                                 ] com.netflix.discovery.DiscoveryClient    : Getting all instance registry info from the eureka server
2026-04-30T07:23:32.733+07:00  INFO 10408 --- [order-service] [main] [                                                 ] com.netflix.discovery.DiscoveryClient    : The response status is 200
2026-04-30T07:23:32.739+07:00  INFO 10408 --- [order-service] [main] [                                                 ] com.netflix.discovery.DiscoveryClient    : Starting heartbeat executor: renew interval is: 30
2026-04-30T07:23:32.745+07:00  INFO 10408 --- [order-service] [main] [                                                 ] c.n.discovery.InstanceInfoReplicator     : InstanceInfoReplicator onDemand update allowed rate per min is 4
2026-04-30T07:23:32.749+07:00  INFO 10408 --- [order-service] [main] [                                                 ] com.netflix.discovery.DiscoveryClient    : Discovery Client initialized at timestamp 1777508612747 with initial instances count: 4
2026-04-30T07:23:32.778+07:00  INFO 10408 --- [order-service] [main] [                                                 ] o.s.c.n.e.s.EurekaServiceRegistry        : Registering application ORDER-SERVICE with eureka with status UP
2026-04-30T07:23:32.779+07:00  INFO 10408 --- [order-service] [main] [                                                 ] com.netflix.discovery.DiscoveryClient    : Saw local status change event StatusChangeEvent [timestamp=1777508612779, current=UP, previous=STARTING]
2026-04-30T07:23:32.784+07:00  INFO 10408 --- [order-service] [DiscoveryClient-InstanceInfoReplicator-%d] [                                                 ] com.netflix.discovery.DiscoveryClient    : DiscoveryClient_ORDER-SERVICE/localhost:order-service:8083: registering service...
2026-04-30T07:23:32.784+07:00  INFO 10408 --- [order-service] [main] [                                                 ] o.s.c.s.binder.DefaultBinderFactory      : Creating binder: rabbit
2026-04-30T07:23:32.784+07:00  INFO 10408 --- [order-service] [main] [                                                 ] o.s.c.s.binder.DefaultBinderFactory      : Constructing binder child context for rabbit
2026-04-30T07:23:32.966+07:00  INFO 10408 --- [order-service] [DiscoveryClient-InstanceInfoReplicator-%d] [                                                 ] com.netflix.discovery.DiscoveryClient    : DiscoveryClient_ORDER-SERVICE/localhost:order-service:8083 - registration status: 204
2026-04-30T07:23:33.086+07:00  WARN 10408 --- [order-service] [main] [                                                 ] JpaBaseConfiguration$JpaWebConfiguration : spring.jpa.open-in-view is enabled by default. Therefore, database queries may be performed during view rendering. Explicitly configure spring.jpa.open-in-view to disable this warning
2026-04-30T07:23:33.274+07:00  INFO 10408 --- [order-service] [main] [                                                 ] o.s.c.s.binder.DefaultBinderFactory      : Caching the binder: rabbit
2026-04-30T07:23:33.330+07:00  INFO 10408 --- [order-service] [main] [                                                 ] c.s.b.r.p.RabbitExchangeQueueProvisioner : declaring queue for inbound: springCloudBus.anonymous.iAjuBzeSSGu3k2s_MwsatQ, bound to: springCloudBus
2026-04-30T07:23:33.348+07:00  INFO 10408 --- [order-service] [main] [                                                 ] o.s.a.r.c.CachingConnectionFactory       : Attempting to connect to: [localhost:5672]
2026-04-30T07:23:33.741+07:00  INFO 10408 --- [order-service] [main] [                                                 ] o.s.a.r.c.CachingConnectionFactory       : Created new connection: rabbitConnectionFactory#6e58f36d:0/SimpleConnection@56961786 [delegate=amqp://guest@127.0.0.1:5672/, localPort=60932]
2026-04-30T07:23:34.083+07:00  INFO 10408 --- [order-service] [main] [                                                 ] o.s.c.stream.binder.BinderErrorChannel   : Channel 'rabbit-1614109893.springCloudBusInput.errors' has 1 subscriber(s).
2026-04-30T07:23:34.087+07:00  INFO 10408 --- [order-service] [main] [                                                 ] o.s.c.stream.binder.BinderErrorChannel   : Channel 'rabbit-1614109893.springCloudBusInput.errors' has 2 subscriber(s).
2026-04-30T07:23:34.219+07:00  INFO 10408 --- [order-service] [main] [                                                 ] o.s.i.a.i.AmqpInboundChannelAdapter      : started bean 'inbound.springCloudBus.anonymous.iAjuBzeSSGu3k2s_MwsatQ'
2026-04-30T07:23:34.262+07:00  INFO 10408 --- [order-service] [main] [                                                 ] o.s.b.w.embedded.tomcat.TomcatWebServer  : Tomcat started on port 8083 (http) with context path '/'
2026-04-30T07:23:34.278+07:00  INFO 10408 --- [order-service] [main] [                                                 ] .s.c.n.e.s.EurekaAutoServiceRegistration : Updating port to 8083
2026-04-30T07:23:35.307+07:00  INFO 10408 --- [order-service] [main] [                                                 ] o.s.cloud.commons.util.InetUtils         : Cannot determine local hostname
2026-04-30T07:23:36.323+07:00  INFO 10408 --- [order-service] [main] [                                                 ] o.s.cloud.commons.util.InetUtils         : Cannot determine local hostname
2026-04-30T07:23:36.399+07:00  INFO 10408 --- [order-service] [main] [                                                 ] figuration$IntegrationJmxConfiguration$1 : Registering MessageChannel rabbit-1614109893.springCloudBusInput.errors
2026-04-30T07:23:37.182+07:00  INFO 10408 --- [order-service] [main] [                                                 ] o.s.b.a.e.web.EndpointLinksResolver      : Exposing 35 endpoints beneath base path '/actuator'
2026-04-30T07:23:37.362+07:00  INFO 10408 --- [order-service] [main] [                                                 ] com.ecommerce.order.OrderApplication     : Started OrderApplication in 35.955 seconds (process running for 39.778)
2026-04-30T07:23:37.763+07:00  INFO 10408 --- [order-service] [RMI TCP Connection(1)-172.28.240.1] [                                                 ] o.a.c.c.C.[Tomcat].[localhost].[/]       : Initializing Spring DispatcherServlet 'dispatcherServlet'
2026-04-30T07:23:37.765+07:00  INFO 10408 --- [order-service] [RMI TCP Connection(1)-172.28.240.1] [                                                 ] o.s.web.servlet.DispatcherServlet        : Initializing Servlet 'dispatcherServlet'
2026-04-30T07:23:39.441+07:00  INFO 10408 --- [order-service] [RMI TCP Connection(2)-172.28.240.1] [                                                 ] o.s.cloud.commons.util.InetUtils         : Cannot determine local hostname
2026-04-30T07:23:39.553+07:00  INFO 10408 --- [order-service] [RMI TCP Connection(1)-172.28.240.1] [                                                 ] o.s.web.servlet.DispatcherServlet        : Completed initialization in 1787 ms
2026-04-30T07:28:31.811+07:00  INFO 10408 --- [order-service] [AsyncResolver-bootstrap-executor-%d] [                                                 ] c.n.d.s.r.aws.ConfigClusterResolver      : Resolving eureka endpoints via configuration
2026-04-30T07:33:31.832+07:00  INFO 10408 --- [order-service] [AsyncResolver-bootstrap-executor-%d] [                                                 ] c.n.d.s.r.aws.ConfigClusterResolver      : Resolving eureka endpoints via configuration
2026-04-30T07:38:31.928+07:00  INFO 10408 --- [order-service] [AsyncResolver-bootstrap-executor-%d] [                                                 ] c.n.d.s.r.aws.ConfigClusterResolver      : Resolving eureka endpoints via configuration
2026-04-30T07:43:22.100+07:00  WARN 10408 --- [order-service] [HikariPool-1:housekeeper] [                                                 ] com.zaxxer.hikari.pool.HikariPool        : HikariPool-1 - Thread starvation or clock leap detected (housekeeper delta=2m32s404ms857µs400ns).
2026-04-30T07:45:53.767+07:00  INFO 10408 --- [order-service] [AsyncResolver-bootstrap-executor-%d] [                                                 ] c.n.d.s.r.aws.ConfigClusterResolver      : Resolving eureka endpoints via configuration
2026-04-30T07:50:53.834+07:00  INFO 10408 --- [order-service] [AsyncResolver-bootstrap-executor-%d] [                                                 ] c.n.d.s.r.aws.ConfigClusterResolver      : Resolving eureka endpoints via configuration
2026-04-30T07:55:53.949+07:00  INFO 10408 --- [order-service] [AsyncResolver-bootstrap-executor-%d] [                                                 ] c.n.d.s.r.aws.ConfigClusterResolver      : Resolving eureka endpoints via configuration
2026-04-30T08:00:54.125+07:00  INFO 10408 --- [order-service] [AsyncResolver-bootstrap-executor-%d] [                                                 ] c.n.d.s.r.aws.ConfigClusterResolver      : Resolving eureka endpoints via configuration
2026-04-30T08:05:54.207+07:00  INFO 10408 --- [order-service] [AsyncResolver-bootstrap-executor-%d] [                                                 ] c.n.d.s.r.aws.ConfigClusterResolver      : Resolving eureka endpoints via configuration
2026-04-30T08:10:54.317+07:00  INFO 10408 --- [order-service] [AsyncResolver-bootstrap-executor-%d] [                                                 ] c.n.d.s.r.aws.ConfigClusterResolver      : Resolving eureka endpoints via configuration
